-------------------------------------------------------------------------------
Test set: ch.heigvd.res.lab01.impl.ApplicationTest
-------------------------------------------------------------------------------
Tests run: 2, Failures: 0, Errors: 2, Skipped: 0, Time elapsed: 1.107 sec <<< FAILURE! - in ch.heigvd.res.lab01.impl.ApplicationTest
ch.heigvd.res.lab01.impl.ApplicationTest  Time elapsed: 1.106 sec  <<< ERROR!
java.lang.UnsupportedOperationException: The student has not implemented this method yet.
	at ch.heigvd.res.lab01.impl.explorers.DFSFileExplorer.explore(DFSFileExplorer.java:19)
	at ch.heigvd.res.lab01.impl.Application.processQuoteFiles(Application.java:157)
	at ch.heigvd.res.lab01.impl.ApplicationTest.invokeApplication(ApplicationTest.java:37)

Test mechanism  Time elapsed: 1.107 sec  <<< ERROR!
java.lang.NullPointerException: null
	at io.probedock.client.junit.AbstractProbeListener.getMethodAnnotation(AbstractProbeListener.java:104)
	at io.probedock.client.junit.ProbeListener.testFailure(ProbeListener.java:181)
	at org.junit.runner.notification.SynchronizedRunListener.testFailure(SynchronizedRunListener.java:63)
	at org.junit.runner.notification.RunNotifier$4.notifyListener(RunNotifier.java:142)
	at org.junit.runner.notification.RunNotifier$SafeNotifier.run(RunNotifier.java:72)
	at org.junit.runner.notification.RunNotifier.fireTestFailures(RunNotifier.java:138)
	at org.junit.runner.notification.RunNotifier.fireTestFailure(RunNotifier.java:132)
	at org.junit.internal.runners.model.EachTestNotifier.addFailure(EachTestNotifier.java:23)
	at org.junit.runners.ParentRunner.run(ParentRunner.java:369)
	at org.apache.maven.surefire.junit4.JUnit4Provider.execute(JUnit4Provider.java:283)
	at org.apache.maven.surefire.junit4.JUnit4Provider.executeWithRerun(JUnit4Provider.java:173)
	at org.apache.maven.surefire.junit4.JUnit4Provider.executeTestSet(JUnit4Provider.java:153)
	at org.apache.maven.surefire.junit4.JUnit4Provider.invoke(JUnit4Provider.java:128)
	at org.apache.maven.surefire.booter.ForkedBooter.invokeProviderInSameClassLoader(ForkedBooter.java:203)
	at org.apache.maven.surefire.booter.ForkedBooter.runSuitesInProcess(ForkedBooter.java:155)
	at org.apache.maven.surefire.booter.ForkedBooter.main(ForkedBooter.java:103)

