-------------------------------------------------------------------------------
Test set: ch.heigvd.res.lab01.impl.filters.FileNumberingFilterWriterTest
-------------------------------------------------------------------------------
Tests run: 9, Failures: 0, Errors: 9, Skipped: 0, Time elapsed: 0.003 sec <<< FAILURE! - in ch.heigvd.res.lab01.impl.filters.FileNumberingFilterWriterTest
itShouldPrintANumberForFileWithTwoLines(ch.heigvd.res.lab01.impl.filters.FileNumberingFilterWriterTest)  Time elapsed: 0 sec  <<< ERROR!
java.lang.UnsupportedOperationException: The student has not implemented this method yet.
	at ch.heigvd.res.lab01.impl.filters.FileNumberingFilterWriter.write(FileNumberingFilterWriter.java:28)
	at java.io.Writer.write(Writer.java:157)
	at ch.heigvd.res.lab01.impl.filters.FileNumberingFilterWriterTest.itShouldPrintANumberForFileWithTwoLines(FileNumberingFilterWriterTest.java:32)

itShouldWorkOnWindows(ch.heigvd.res.lab01.impl.filters.FileNumberingFilterWriterTest)  Time elapsed: 0 sec  <<< ERROR!
java.lang.UnsupportedOperationException: The student has not implemented this method yet.
	at ch.heigvd.res.lab01.impl.filters.FileNumberingFilterWriter.write(FileNumberingFilterWriter.java:28)
	at java.io.Writer.write(Writer.java:157)
	at ch.heigvd.res.lab01.impl.filters.FileNumberingFilterWriterTest.itShouldWorkOnWindows(FileNumberingFilterWriterTest.java:110)

itShouldHandleWriteWithPartOfAString(ch.heigvd.res.lab01.impl.filters.FileNumberingFilterWriterTest)  Time elapsed: 0 sec  <<< ERROR!
java.lang.UnsupportedOperationException: The student has not implemented this method yet.
	at ch.heigvd.res.lab01.impl.filters.FileNumberingFilterWriter.write(FileNumberingFilterWriter.java:28)
	at ch.heigvd.res.lab01.impl.filters.FileNumberingFilterWriterTest.itShouldHandleWriteWithPartOfAString(FileNumberingFilterWriterTest.java:68)

itShouldWorkIfThereIsNoNewLineAtTheEnd(ch.heigvd.res.lab01.impl.filters.FileNumberingFilterWriterTest)  Time elapsed: 0 sec  <<< ERROR!
java.lang.UnsupportedOperationException: The student has not implemented this method yet.
	at ch.heigvd.res.lab01.impl.filters.FileNumberingFilterWriter.write(FileNumberingFilterWriter.java:28)
	at java.io.Writer.write(Writer.java:157)
	at ch.heigvd.res.lab01.impl.filters.FileNumberingFilterWriterTest.itShouldWorkIfThereIsNoNewLineAtTheEnd(FileNumberingFilterWriterTest.java:43)

itShouldWorkWithPartialLines(ch.heigvd.res.lab01.impl.filters.FileNumberingFilterWriterTest)  Time elapsed: 0 sec  <<< ERROR!
java.lang.UnsupportedOperationException: The student has not implemented this method yet.
	at ch.heigvd.res.lab01.impl.filters.FileNumberingFilterWriter.write(FileNumberingFilterWriter.java:28)
	at java.io.Writer.write(Writer.java:157)
	at ch.heigvd.res.lab01.impl.filters.FileNumberingFilterWriterTest.itShouldWorkWithPartialLines(FileNumberingFilterWriterTest.java:55)

itShouldHandleWriteWithAnInt(ch.heigvd.res.lab01.impl.filters.FileNumberingFilterWriterTest)  Time elapsed: 0 sec  <<< ERROR!
java.lang.UnsupportedOperationException: The student has not implemented this method yet.
	at ch.heigvd.res.lab01.impl.filters.FileNumberingFilterWriter.write(FileNumberingFilterWriter.java:38)
	at ch.heigvd.res.lab01.impl.filters.FileNumberingFilterWriterTest.itShouldHandleWriteWithAnInt(FileNumberingFilterWriterTest.java:79)

itShouldWorkOnMacOS9(ch.heigvd.res.lab01.impl.filters.FileNumberingFilterWriterTest)  Time elapsed: 0 sec  <<< ERROR!
java.lang.UnsupportedOperationException: The student has not implemented this method yet.
	at ch.heigvd.res.lab01.impl.filters.FileNumberingFilterWriter.write(FileNumberingFilterWriter.java:28)
	at java.io.Writer.write(Writer.java:157)
	at ch.heigvd.res.lab01.impl.filters.FileNumberingFilterWriterTest.itShouldWorkOnMacOS9(FileNumberingFilterWriterTest.java:100)

itShouldWorkOnUnix(ch.heigvd.res.lab01.impl.filters.FileNumberingFilterWriterTest)  Time elapsed: 0 sec  <<< ERROR!
java.lang.UnsupportedOperationException: The student has not implemented this method yet.
	at ch.heigvd.res.lab01.impl.filters.FileNumberingFilterWriter.write(FileNumberingFilterWriter.java:28)
	at java.io.Writer.write(Writer.java:157)
	at ch.heigvd.res.lab01.impl.filters.FileNumberingFilterWriterTest.itShouldWorkOnUnix(FileNumberingFilterWriterTest.java:90)

itShouldPrintANumberForFileWithOneLine(ch.heigvd.res.lab01.impl.filters.FileNumberingFilterWriterTest)  Time elapsed: 0 sec  <<< ERROR!
java.lang.UnsupportedOperationException: The student has not implemented this method yet.
	at ch.heigvd.res.lab01.impl.filters.FileNumberingFilterWriter.write(FileNumberingFilterWriter.java:28)
	at java.io.Writer.write(Writer.java:157)
	at ch.heigvd.res.lab01.impl.filters.FileNumberingFilterWriterTest.itShouldPrintANumberForFileWithOneLine(FileNumberingFilterWriterTest.java:22)

