-------------------------------------------------------------------------------
Test set: ch.heigvd.res.lab01.impl.explorers.DFSFileExplorerTest
-------------------------------------------------------------------------------
Tests run: 2, Failures: 0, Errors: 2, Skipped: 0, Time elapsed: 0.002 sec <<< FAILURE! - in ch.heigvd.res.lab01.impl.explorers.DFSFileExplorerTest
dfsExplorerShouldWork(ch.heigvd.res.lab01.impl.explorers.DFSFileExplorerTest)  Time elapsed: 0.001 sec  <<< ERROR!
java.lang.UnsupportedOperationException: The student has not implemented this method yet.
	at ch.heigvd.res.lab01.impl.explorers.DFSFileExplorer.explore(DFSFileExplorer.java:19)
	at ch.heigvd.res.lab01.impl.explorers.DFSFileExplorerTest.dfsExplorerShouldWork(DFSFileExplorerTest.java:30)

dfsExplorerShouldWorkWhenThereIsNoFile(ch.heigvd.res.lab01.impl.explorers.DFSFileExplorerTest)  Time elapsed: 0 sec  <<< ERROR!
java.lang.UnsupportedOperationException: The student has not implemented this method yet.
	at ch.heigvd.res.lab01.impl.explorers.DFSFileExplorer.explore(DFSFileExplorer.java:19)
	at ch.heigvd.res.lab01.impl.explorers.DFSFileExplorerTest.dfsExplorerShouldWorkWhenThereIsNoFile(DFSFileExplorerTest.java:46)

