-------------------------------------------------------------------------------
Test set: ch.heigvd.res.lab01.impl.transformers.FileTransformerTest
-------------------------------------------------------------------------------
Tests run: 1, Failures: 0, Errors: 1, Skipped: 0, Time elapsed: 0.001 sec <<< FAILURE! - in ch.heigvd.res.lab01.impl.transformers.FileTransformerTest
itShouldDuplicateATextFile(ch.heigvd.res.lab01.impl.transformers.FileTransformerTest)  Time elapsed: 0.001 sec  <<< ERROR!
java.lang.UnsupportedOperationException: The student has not implemented this method yet.
	at ch.heigvd.res.lab01.impl.transformers.NoOpFileTransformer.decorateWithFilters(NoOpFileTransformer.java:16)
	at ch.heigvd.res.lab01.impl.transformers.FileTransformer.visit(FileTransformer.java:54)
	at ch.heigvd.res.lab01.impl.transformers.FileTransformerTest.itShouldDuplicateATextFile(FileTransformerTest.java:28)

