-------------------------------------------------------------------------------
Test set: ch.heigvd.res.lab01.impl.filters.UpperCaseFilterWriterTest
-------------------------------------------------------------------------------
Tests run: 5, Failures: 0, Errors: 5, Skipped: 0, Time elapsed: 0.005 sec <<< FAILURE! - in ch.heigvd.res.lab01.impl.filters.UpperCaseFilterWriterTest
itShouldWorkWhenWritingAString(ch.heigvd.res.lab01.impl.filters.UpperCaseFilterWriterTest)  Time elapsed: 0 sec  <<< ERROR!
java.lang.UnsupportedOperationException: The student has not implemented this method yet.
	at ch.heigvd.res.lab01.impl.filters.UpperCaseFilterWriter.write(UpperCaseFilterWriter.java:19)
	at java.io.Writer.write(Writer.java:157)
	at ch.heigvd.res.lab01.impl.filters.UpperCaseFilterWriterTest.itShouldWorkWhenWritingAString(UpperCaseFilterWriterTest.java:19)

itShouldWorkWhenWritingACharArray(ch.heigvd.res.lab01.impl.filters.UpperCaseFilterWriterTest)  Time elapsed: 0.001 sec  <<< ERROR!
java.lang.UnsupportedOperationException: The student has not implemented this method yet.
	at ch.heigvd.res.lab01.impl.filters.UpperCaseFilterWriter.write(UpperCaseFilterWriter.java:24)
	at java.io.Writer.write(Writer.java:127)
	at ch.heigvd.res.lab01.impl.filters.UpperCaseFilterWriterTest.itShouldWorkWhenWritingACharArray(UpperCaseFilterWriterTest.java:39)

itShouldWorkWhenWritingASingleChar(ch.heigvd.res.lab01.impl.filters.UpperCaseFilterWriterTest)  Time elapsed: 0 sec  <<< ERROR!
java.lang.UnsupportedOperationException: The student has not implemented this method yet.
	at ch.heigvd.res.lab01.impl.filters.UpperCaseFilterWriter.write(UpperCaseFilterWriter.java:29)
	at ch.heigvd.res.lab01.impl.filters.UpperCaseFilterWriterTest.itShouldWorkWhenWritingASingleChar(UpperCaseFilterWriterTest.java:60)

itShouldWorkWhenWritingPartOfACharArray(ch.heigvd.res.lab01.impl.filters.UpperCaseFilterWriterTest)  Time elapsed: 0 sec  <<< ERROR!
java.lang.UnsupportedOperationException: The student has not implemented this method yet.
	at ch.heigvd.res.lab01.impl.filters.UpperCaseFilterWriter.write(UpperCaseFilterWriter.java:24)
	at ch.heigvd.res.lab01.impl.filters.UpperCaseFilterWriterTest.itShouldWorkWhenWritingPartOfACharArray(UpperCaseFilterWriterTest.java:50)

itShouldWorkWhenWritingPartOfAString(ch.heigvd.res.lab01.impl.filters.UpperCaseFilterWriterTest)  Time elapsed: 0 sec  <<< ERROR!
java.lang.UnsupportedOperationException: The student has not implemented this method yet.
	at ch.heigvd.res.lab01.impl.filters.UpperCaseFilterWriter.write(UpperCaseFilterWriter.java:19)
	at ch.heigvd.res.lab01.impl.filters.UpperCaseFilterWriterTest.itShouldWorkWhenWritingPartOfAString(UpperCaseFilterWriterTest.java:28)

