<?xml version="1.0" encoding="UTF-8"?>
<testsuite name="ch.heigvd.res.lab01.impl.ApplicationTest" time="2.213" tests="2" errors="2" skipped="0" failures="0">
  <properties>
[...]
</properties>
  <testcase name="ch.heigvd.res.lab01.impl.ApplicationTest" classname="ch.heigvd.res.lab01.impl.ApplicationTest" time="1.106">
    <error message="The student has not implemented this method yet." type="java.lang.UnsupportedOperationException">java.lang.UnsupportedOperationException: The student has not implemented this method yet.
	at ch.heigvd.res.lab01.impl.explorers.DFSFileExplorer.explore(DFSFileExplorer.java:19)
	at ch.heigvd.res.lab01.impl.Application.processQuoteFiles(Application.java:157)
	at ch.heigvd.res.lab01.impl.ApplicationTest.invokeApplication(ApplicationTest.java:37)
</error>
    <system-err><![CDATA[mars 08, 2016 3:59:07 PM ch.heigvd.res.lab01.impl.Application fetchAndStoreQuotes
INFO: Received a new joke with 0 tags.
mars 08, 2016 3:59:07 PM ch.heigvd.res.lab01.impl.Application fetchAndStoreQuotes
INFO: Received a new joke with 1 tags.
mars 08, 2016 3:59:07 PM ch.heigvd.res.lab01.impl.Application fetchAndStoreQuotes
INFO: > internet
mars 08, 2016 3:59:07 PM ch.heigvd.res.lab01.impl.Application fetchAndStoreQuotes
INFO: Received a new joke with 4 tags.
mars 08, 2016 3:59:07 PM ch.heigvd.res.lab01.impl.Application fetchAndStoreQuotes
INFO: > geek
mars 08, 2016 3:59:07 PM ch.heigvd.res.lab01.impl.Application fetchAndStoreQuotes
INFO: > popular
mars 08, 2016 3:59:07 PM ch.heigvd.res.lab01.impl.Application fetchAndStoreQuotes
INFO: > funny
mars 08, 2016 3:59:07 PM ch.heigvd.res.lab01.impl.Application fetchAndStoreQuotes
INFO: > internet
mars 08, 2016 3:59:07 PM ch.heigvd.res.lab01.impl.Application fetchAndStoreQuotes
INFO: Received a new joke with 2 tags.
mars 08, 2016 3:59:07 PM ch.heigvd.res.lab01.impl.Application fetchAndStoreQuotes
INFO: > popular
mars 08, 2016 3:59:07 PM ch.heigvd.res.lab01.impl.Application fetchAndStoreQuotes
INFO: > funny
mars 08, 2016 3:59:07 PM ch.heigvd.res.lab01.impl.Application fetchAndStoreQuotes
INFO: Received a new joke with 4 tags.
mars 08, 2016 3:59:07 PM ch.heigvd.res.lab01.impl.Application fetchAndStoreQuotes
INFO: > popular
mars 08, 2016 3:59:07 PM ch.heigvd.res.lab01.impl.Application fetchAndStoreQuotes
INFO: > funny
mars 08, 2016 3:59:07 PM ch.heigvd.res.lab01.impl.Application fetchAndStoreQuotes
INFO: > movie
mars 08, 2016 3:59:07 PM ch.heigvd.res.lab01.impl.Application fetchAndStoreQuotes
INFO: > internet
mars 08, 2016 3:59:07 PM ch.heigvd.res.lab01.impl.Application fetchAndStoreQuotes
INFO: Received a new joke with 1 tags.
mars 08, 2016 3:59:07 PM ch.heigvd.res.lab01.impl.Application fetchAndStoreQuotes
INFO: > funny
mars 08, 2016 3:59:07 PM ch.heigvd.res.lab01.impl.Application fetchAndStoreQuotes
INFO: Received a new joke with 3 tags.
mars 08, 2016 3:59:07 PM ch.heigvd.res.lab01.impl.Application fetchAndStoreQuotes
INFO: > geek
mars 08, 2016 3:59:07 PM ch.heigvd.res.lab01.impl.Application fetchAndStoreQuotes
INFO: > popular
mars 08, 2016 3:59:07 PM ch.heigvd.res.lab01.impl.Application fetchAndStoreQuotes
INFO: > internet
mars 08, 2016 3:59:07 PM ch.heigvd.res.lab01.impl.Application fetchAndStoreQuotes
INFO: Received a new joke with 5 tags.
mars 08, 2016 3:59:07 PM ch.heigvd.res.lab01.impl.Application fetchAndStoreQuotes
INFO: > hilarious
mars 08, 2016 3:59:07 PM ch.heigvd.res.lab01.impl.Application fetchAndStoreQuotes
INFO: > geek
mars 08, 2016 3:59:07 PM ch.heigvd.res.lab01.impl.Application fetchAndStoreQuotes
INFO: > movie
mars 08, 2016 3:59:07 PM ch.heigvd.res.lab01.impl.Application fetchAndStoreQuotes
INFO: > funny
mars 08, 2016 3:59:07 PM ch.heigvd.res.lab01.impl.Application fetchAndStoreQuotes
INFO: > internet
mars 08, 2016 3:59:07 PM ch.heigvd.res.lab01.impl.Application fetchAndStoreQuotes
INFO: Received a new joke with 0 tags.
mars 08, 2016 3:59:07 PM ch.heigvd.res.lab01.impl.Application fetchAndStoreQuotes
INFO: Received a new joke with 5 tags.
mars 08, 2016 3:59:07 PM ch.heigvd.res.lab01.impl.Application fetchAndStoreQuotes
INFO: > geek
mars 08, 2016 3:59:07 PM ch.heigvd.res.lab01.impl.Application fetchAndStoreQuotes
INFO: > movie
mars 08, 2016 3:59:07 PM ch.heigvd.res.lab01.impl.Application fetchAndStoreQuotes
INFO: > funny
mars 08, 2016 3:59:07 PM ch.heigvd.res.lab01.impl.Application fetchAndStoreQuotes
INFO: > joke
mars 08, 2016 3:59:07 PM ch.heigvd.res.lab01.impl.Application fetchAndStoreQuotes
INFO: > popular
mars 08, 2016 3:59:07 PM ch.heigvd.res.lab01.impl.Application fetchAndStoreQuotes
INFO: Received a new joke with 6 tags.
mars 08, 2016 3:59:07 PM ch.heigvd.res.lab01.impl.Application fetchAndStoreQuotes
INFO: > funny
mars 08, 2016 3:59:07 PM ch.heigvd.res.lab01.impl.Application fetchAndStoreQuotes
INFO: > geek
mars 08, 2016 3:59:07 PM ch.heigvd.res.lab01.impl.Application fetchAndStoreQuotes
INFO: > internet
mars 08, 2016 3:59:07 PM ch.heigvd.res.lab01.impl.Application fetchAndStoreQuotes
INFO: > hilarious
mars 08, 2016 3:59:07 PM ch.heigvd.res.lab01.impl.Application fetchAndStoreQuotes
INFO: > popular
mars 08, 2016 3:59:07 PM ch.heigvd.res.lab01.impl.Application fetchAndStoreQuotes
INFO: > joke
mars 08, 2016 3:59:07 PM ch.heigvd.res.lab01.impl.Application fetchAndStoreQuotes
INFO: Received a new joke with 4 tags.
mars 08, 2016 3:59:07 PM ch.heigvd.res.lab01.impl.Application fetchAndStoreQuotes
INFO: > movie
mars 08, 2016 3:59:07 PM ch.heigvd.res.lab01.impl.Application fetchAndStoreQuotes
INFO: > internet
mars 08, 2016 3:59:07 PM ch.heigvd.res.lab01.impl.Application fetchAndStoreQuotes
INFO: > hilarious
mars 08, 2016 3:59:07 PM ch.heigvd.res.lab01.impl.Application fetchAndStoreQuotes
INFO: > geek
mars 08, 2016 3:59:07 PM ch.heigvd.res.lab01.impl.Application fetchAndStoreQuotes
INFO: Received a new joke with 3 tags.
mars 08, 2016 3:59:07 PM ch.heigvd.res.lab01.impl.Application fetchAndStoreQuotes
INFO: > movie
mars 08, 2016 3:59:07 PM ch.heigvd.res.lab01.impl.Application fetchAndStoreQuotes
INFO: > popular
mars 08, 2016 3:59:07 PM ch.heigvd.res.lab01.impl.Application fetchAndStoreQuotes
INFO: > internet
mars 08, 2016 3:59:07 PM ch.heigvd.res.lab01.impl.Application fetchAndStoreQuotes
INFO: Received a new joke with 7 tags.
mars 08, 2016 3:59:07 PM ch.heigvd.res.lab01.impl.Application fetchAndStoreQuotes
INFO: > movie
mars 08, 2016 3:59:07 PM ch.heigvd.res.lab01.impl.Application fetchAndStoreQuotes
INFO: > funny
mars 08, 2016 3:59:07 PM ch.heigvd.res.lab01.impl.Application fetchAndStoreQuotes
INFO: > internet
mars 08, 2016 3:59:07 PM ch.heigvd.res.lab01.impl.Application fetchAndStoreQuotes
INFO: > geek
mars 08, 2016 3:59:07 PM ch.heigvd.res.lab01.impl.Application fetchAndStoreQuotes
INFO: > joke
mars 08, 2016 3:59:07 PM ch.heigvd.res.lab01.impl.Application fetchAndStoreQuotes
INFO: > popular
mars 08, 2016 3:59:07 PM ch.heigvd.res.lab01.impl.Application fetchAndStoreQuotes
INFO: > hilarious
mars 08, 2016 3:59:07 PM ch.heigvd.res.lab01.impl.Application fetchAndStoreQuotes
INFO: Received a new joke with 4 tags.
mars 08, 2016 3:59:07 PM ch.heigvd.res.lab01.impl.Application fetchAndStoreQuotes
INFO: > hilarious
mars 08, 2016 3:59:07 PM ch.heigvd.res.lab01.impl.Application fetchAndStoreQuotes
INFO: > movie
mars 08, 2016 3:59:07 PM ch.heigvd.res.lab01.impl.Application fetchAndStoreQuotes
INFO: > internet
mars 08, 2016 3:59:07 PM ch.heigvd.res.lab01.impl.Application fetchAndStoreQuotes
INFO: > geek
mars 08, 2016 3:59:08 PM ch.heigvd.res.lab01.impl.Application fetchAndStoreQuotes
INFO: Received a new joke with 3 tags.
mars 08, 2016 3:59:08 PM ch.heigvd.res.lab01.impl.Application fetchAndStoreQuotes
INFO: > popular
mars 08, 2016 3:59:08 PM ch.heigvd.res.lab01.impl.Application fetchAndStoreQuotes
INFO: > geek
mars 08, 2016 3:59:08 PM ch.heigvd.res.lab01.impl.Application fetchAndStoreQuotes
INFO: > joke
mars 08, 2016 3:59:08 PM ch.heigvd.res.lab01.impl.Application fetchAndStoreQuotes
INFO: Received a new joke with 3 tags.
mars 08, 2016 3:59:08 PM ch.heigvd.res.lab01.impl.Application fetchAndStoreQuotes
INFO: > hilarious
mars 08, 2016 3:59:08 PM ch.heigvd.res.lab01.impl.Application fetchAndStoreQuotes
INFO: > internet
mars 08, 2016 3:59:08 PM ch.heigvd.res.lab01.impl.Application fetchAndStoreQuotes
INFO: > movie
mars 08, 2016 3:59:08 PM ch.heigvd.res.lab01.impl.Application fetchAndStoreQuotes
INFO: Received a new joke with 2 tags.
mars 08, 2016 3:59:08 PM ch.heigvd.res.lab01.impl.Application fetchAndStoreQuotes
INFO: > internet
mars 08, 2016 3:59:08 PM ch.heigvd.res.lab01.impl.Application fetchAndStoreQuotes
INFO: > movie
mars 08, 2016 3:59:08 PM ch.heigvd.res.lab01.impl.Application fetchAndStoreQuotes
INFO: Received a new joke with 6 tags.
mars 08, 2016 3:59:08 PM ch.heigvd.res.lab01.impl.Application fetchAndStoreQuotes
INFO: > joke
mars 08, 2016 3:59:08 PM ch.heigvd.res.lab01.impl.Application fetchAndStoreQuotes
INFO: > movie
mars 08, 2016 3:59:08 PM ch.heigvd.res.lab01.impl.Application fetchAndStoreQuotes
INFO: > funny
mars 08, 2016 3:59:08 PM ch.heigvd.res.lab01.impl.Application fetchAndStoreQuotes
INFO: > geek
mars 08, 2016 3:59:08 PM ch.heigvd.res.lab01.impl.Application fetchAndStoreQuotes
INFO: > hilarious
mars 08, 2016 3:59:08 PM ch.heigvd.res.lab01.impl.Application fetchAndStoreQuotes
INFO: > internet
mars 08, 2016 3:59:08 PM ch.heigvd.res.lab01.impl.Application fetchAndStoreQuotes
INFO: Received a new joke with 4 tags.
mars 08, 2016 3:59:08 PM ch.heigvd.res.lab01.impl.Application fetchAndStoreQuotes
INFO: > joke
mars 08, 2016 3:59:08 PM ch.heigvd.res.lab01.impl.Application fetchAndStoreQuotes
INFO: > hilarious
mars 08, 2016 3:59:08 PM ch.heigvd.res.lab01.impl.Application fetchAndStoreQuotes
INFO: > geek
mars 08, 2016 3:59:08 PM ch.heigvd.res.lab01.impl.Application fetchAndStoreQuotes
INFO: > funny
]]></system-err>
  </testcase>
  <testcase name="Test mechanism" classname="Test mechanism" time="1.107">
    <error type="java.lang.NullPointerException:">java.lang.NullPointerException: null
	at io.probedock.client.junit.AbstractProbeListener.getMethodAnnotation(AbstractProbeListener.java:104)
	at io.probedock.client.junit.ProbeListener.testFailure(ProbeListener.java:181)
	at org.junit.runner.notification.SynchronizedRunListener.testFailure(SynchronizedRunListener.java:63)
	at org.junit.runner.notification.RunNotifier$4.notifyListener(RunNotifier.java:142)
	at org.junit.runner.notification.RunNotifier$SafeNotifier.run(RunNotifier.java:72)
	at org.junit.runner.notification.RunNotifier.fireTestFailures(RunNotifier.java:138)
	at org.junit.runner.notification.RunNotifier.fireTestFailure(RunNotifier.java:132)
	at org.junit.internal.runners.model.EachTestNotifier.addFailure(EachTestNotifier.java:23)
	at org.junit.runners.ParentRunner.run(ParentRunner.java:369)
	at org.apache.maven.surefire.junit4.JUnit4Provider.execute(JUnit4Provider.java:283)
	at org.apache.maven.surefire.junit4.JUnit4Provider.executeWithRerun(JUnit4Provider.java:173)
	at org.apache.maven.surefire.junit4.JUnit4Provider.executeTestSet(JUnit4Provider.java:153)
	at org.apache.maven.surefire.junit4.JUnit4Provider.invoke(JUnit4Provider.java:128)
	at org.apache.maven.surefire.booter.ForkedBooter.invokeProviderInSameClassLoader(ForkedBooter.java:203)
	at org.apache.maven.surefire.booter.ForkedBooter.runSuitesInProcess(ForkedBooter.java:155)
	at org.apache.maven.surefire.booter.ForkedBooter.main(ForkedBooter.java:103)
</error>
  </testcase>
</testsuite>