<?xml version="1.0" encoding="UTF-8"?>
<testsuite name="ch.heigvd.res.lab01.impl.explorers.DFSFileExplorerTest" time="0.001" tests="2" errors="2" skipped="0" failures="0">
  <properties>
[...]
</properties>
  <testcase name="dfsExplorerShouldWork" classname="ch.heigvd.res.lab01.impl.explorers.DFSFileExplorerTest" time="0.001">
    <error message="The student has not implemented this method yet." type="java.lang.UnsupportedOperationException">java.lang.UnsupportedOperationException: The student has not implemented this method yet.
	at ch.heigvd.res.lab01.impl.explorers.DFSFileExplorer.explore(DFSFileExplorer.java:19)
	at ch.heigvd.res.lab01.impl.explorers.DFSFileExplorerTest.dfsExplorerShouldWork(DFSFileExplorerTest.java:30)
</error>
  </testcase>
  <testcase name="dfsExplorerShouldWorkWhenThereIsNoFile" classname="ch.heigvd.res.lab01.impl.explorers.DFSFileExplorerTest" time="0">
    <error message="The student has not implemented this method yet." type="java.lang.UnsupportedOperationException">java.lang.UnsupportedOperationException: The student has not implemented this method yet.
	at ch.heigvd.res.lab01.impl.explorers.DFSFileExplorer.explore(DFSFileExplorer.java:19)
	at ch.heigvd.res.lab01.impl.explorers.DFSFileExplorerTest.dfsExplorerShouldWorkWhenThereIsNoFile(DFSFileExplorerTest.java:46)
</error>
    <system-err><![CDATA[mars 08, 2016 3:59:08 PM io.probedock.client.junit.AbstractProbeListener createAndlogStackTrace
INFO: 
dfsExplorerShouldWork(ch.heigvd.res.lab01.impl.explorers.DFSFileExplorerTest)
Failure message: The student has not implemented this method yet.

java.lang.UnsupportedOperationException: The student has not implemented this method yet.
	at ch.heigvd.res.lab01.impl.explorers.DFSFileExplorer.explore(DFSFileExplorer.java:19)
	at ch.heigvd.res.lab01.impl.explorers.DFSFileExplorerTest.dfsExplorerShouldWork(DFSFileExplorerTest.java:30)
	at sun.reflect.NativeMethodAccessorImpl.invoke0(NativeMethodAccessorImpl.java:-2)
	at sun.reflect.NativeMethodAccessorImpl.invoke(NativeMethodAccessorImpl.java:62)
	at sun.reflect.DelegatingMethodAccessorImpl.invoke(DelegatingMethodAccessorImpl.java:43)
	at java.lang.reflect.Method.invoke(Method.java:497)
	at org.junit.runners.model.FrameworkMethod$1.runReflectiveCall(FrameworkMethod.java:50)
	at org.junit.internal.runners.model.ReflectiveCallable.run(ReflectiveCallable.java:12)
	at org.junit.runners.model.FrameworkMethod.invokeExplosively(FrameworkMethod.java:47)
	at org.junit.internal.runners.statements.InvokeMethod.evaluate(InvokeMethod.java:17)
	at org.junit.runners.ParentRunner.runLeaf(ParentRunner.java:325)
	at org.junit.runners.BlockJUnit4ClassRunner.runChild(BlockJUnit4ClassRunner.java:78)
	at org.junit.runners.BlockJUnit4ClassRunner.runChild(BlockJUnit4ClassRunner.java:57)
	at org.junit.runners.ParentRunner$3.run(ParentRunner.java:290)
	at org.junit.runners.ParentRunner$1.schedule(ParentRunner.java:71)
	at org.junit.runners.ParentRunner.runChildren(ParentRunner.java:288)
	at org.junit.runners.ParentRunner.access$000(ParentRunner.java:58)
	at org.junit.runners.ParentRunner$2.evaluate(ParentRunner.java:268)
	at org.junit.runners.ParentRunner.run(ParentRunner.java:363)
	at org.apache.maven.surefire.junit4.JUnit4Provider.execute(JUnit4Provider.java:283)
	at org.apache.maven.surefire.junit4.JUnit4Provider.executeWithRerun(JUnit4Provider.java:173)
	at org.apache.maven.surefire.junit4.JUnit4Provider.executeTestSet(JUnit4Provider.java:153)
	at org.apache.maven.surefire.junit4.JUnit4Provider.invoke(JUnit4Provider.java:128)
	at org.apache.maven.surefire.booter.ForkedBooter.invokeProviderInSameClassLoader(ForkedBooter.java:203)
	at org.apache.maven.surefire.booter.ForkedBooter.runSuitesInProcess(ForkedBooter.java:155)
	at org.apache.maven.surefire.booter.ForkedBooter.main(ForkedBooter.java:103)

]]></system-err>
  </testcase>
</testsuite>